TN:
SF:02-ratelimitter.js
FN:24,countRequests
FNF:1
FNH:1
FNDA:13,countRequests
DA:1,1
DA:2,1
DA:3,1
DA:4,1
DA:5,1
DA:6,1
DA:7,1
DA:8,1
DA:9,1
DA:10,1
DA:11,1
DA:12,1
DA:13,1
DA:14,1
DA:15,1
DA:16,1
DA:17,1
DA:18,1
DA:19,1
DA:20,1
DA:21,2
DA:22,1
DA:23,1
DA:24,13
DA:25,13
DA:26,13
DA:27,13
DA:28,13
DA:29,13
DA:30,13
DA:31,2
DA:32,2
DA:33,13
DA:34,13
DA:35,13
DA:36,13
DA:37,13
DA:38,13
DA:39,7
DA:40,7
DA:41,13
DA:42,13
DA:43,13
DA:44,1
DA:45,1
DA:46,1
DA:47,1
DA:48,1
DA:49,13
DA:50,1
DA:51,1
DA:52,1
DA:53,0
DA:54,1
DA:55,1
DA:56,1
DA:57,1
LF:57
LH:56
BRDA:20,0,0,2
BRDA:24,1,0,13
BRDA:30,2,0,2
BRDA:38,3,0,7
BRDA:48,4,0,13
BRF:5
BRH:5
end_of_record
